# JRE version: OpenJDK Runtime Environment Temurin-17.0.9+9 (17.0.9+9) (build 17.0.9+9)
# Java VM: OpenJDK 64-Bit Server VM Temurin-17.0.9+9 (17.0.9+9, mixed mode, emulated-client, tiered, compressed oops, compressed class ptrs, g1 gc, windows-amd64)
GC Precious Log:
 CPUs: 8 total, 8 available
 Memory: 8029M
 Large Page Support: Disabled
 NUMA Support: Disabled
 Compressed Oops: Enabled (32-bit)
 Heap Region Size: 1M
 Heap Min Capacity: 8M
 Heap Initial Capacity: 126M
 Heap Max Capacity: 1G
 Pre-touch: Disabled
 Parallel Workers: 8
 Concurrent Workers: 2
 Concurrent Refinement Workers: 8
 Periodic GC: Disabled
Heap:
 garbage-first heap   total 96256K, used 31361K [0x00000000c0000000, 0x0000000100000000)
  region size 1024K, 1 young (1024K), 0 survivors (0K)
 Metaspace       used 57688K, committed 58240K, reserved 1114112K
  class space    used 7131K, committed 7360K, reserved 1048576K
GC Heap History (20 events):
Event: 6533.267 GC heap before
{Heap before GC invocations=610 (full 596):
 garbage-first heap   total 96256K, used 31361K [0x00000000c0000000, 0x0000000100000000)
  region size 1024K, 1 young (1024K), 0 survivors (0K)
 Metaspace       used 57688K, committed 58240K, reserved 1114112K
  class space    used 7131K, committed 7360K, reserved 1048576K
}
Event: 6533.308 GC heap after
{Heap after GC invocations=611 (full 597):
 garbage-first heap   total 96256K, used 31361K [0x00000000c0000000, 0x0000000100000000)
  region size 1024K, 0 young (0K), 0 survivors (0K)
 Metaspace       used 57688K, committed 58240K, reserved 1114112K
  class space    used 7131K, committed 7360K, reserved 1048576K
}
Event: 6543.897 GC heap before
{Heap before GC invocations=611 (full 597):
 garbage-first heap   total 96256K, used 31361K [0x00000000c0000000, 0x0000000100000000)
  region size 1024K, 1 young (1024K), 0 survivors (0K)
 Metaspace       used 57688K, committed 58240K, reserved 1114112K
  class space    used 7131K, committed 7360K, reserved 1048576K
}
Event: 6543.954 GC heap after
{Heap after GC invocations=612 (full 598):
 garbage-first heap   total 96256K, used 31361K [0x00000000c0000000, 0x0000000100000000)
  region size 1024K, 0 young (0K), 0 survivors (0K)
 Metaspace       used 57688K, committed 58240K, reserved 1114112K
  class space    used 7131K, committed 7360K, reserved 1048576K
}
Event: 6554.668 GC heap before
{Heap before GC invocations=612 (full 598):
 garbage-first heap   total 96256K, used 31361K [0x00000000c0000000, 0x0000000100000000)
  region size 1024K, 1 young (1024K), 0 survivors (0K)
 Metaspace       used 57688K, committed 58240K, reserved 1114112K
  class space    used 7131K, committed 7360K, reserved 1048576K
}
Event: 6554.764 GC heap after
{Heap after GC invocations=613 (full 599):
 garbage-first heap   total 96256K, used 31361K [0x00000000c0000000, 0x0000000100000000)
  region size 1024K, 0 young (0K), 0 survivors (0K)
 Metaspace       used 57688K, committed 58240K, reserved 1114112K
  class space    used 7131K, committed 7360K, reserved 1048576K
}
Event: 6566.348 GC heap before
{Heap before GC invocations=613 (full 599):
 garbage-first heap   total 96256K, used 31361K [0x00000000c0000000, 0x0000000100000000)
  region size 1024K, 1 young (1024K), 0 survivors (0K)
 Metaspace       used 57688K, committed 58240K, reserved 1114112K
  class space    used 7131K, committed 7360K, reserved 1048576K
}
Event: 6566.454 GC heap after
{Heap after GC invocations=614 (full 600):
 garbage-first heap   total 96256K, used 31361K [0x00000000c0000000, 0x0000000100000000)
  region size 1024K, 0 young (0K), 0 survivors (0K)
 Metaspace       used 57688K, committed 58240K, reserved 1114112K
  class space    used 7131K, committed 7360K, reserved 1048576K
}
Event: 6579.442 GC heap before
{Heap before GC invocations=614 (full 600):
 garbage-first heap   total 96256K, used 31361K [0x00000000c0000000, 0x0000000100000000)
  region size 1024K, 1 young (1024K), 0 survivors (0K)
 Metaspace       used 57688K, committed 58240K, reserved 1114112K
  class space    used 7131K, committed 7360K, reserved 1048576K
}
Event: 6579.532 GC heap after
{Heap after GC invocations=615 (full 601):
 garbage-first heap   total 96256K, used 31361K [0x00000000c0000000, 0x0000000100000000)
  region size 1024K, 0 young (0K), 0 survivors (0K)
 Metaspace       used 57688K, committed 58240K, reserved 1114112K
  class space    used 7131K, committed 7360K, reserved 1048576K
}
Event: 6590.130 GC heap before
{Heap before GC invocations=615 (full 601):
 garbage-first heap   total 96256K, used 31361K [0x00000000c0000000, 0x0000000100000000)
  region size 1024K, 1 young (1024K), 0 survivors (0K)
 Metaspace       used 57688K, committed 58240K, reserved 1114112K
  class space    used 7131K, committed 7360K, reserved 1048576K
}
Event: 6590.178 GC heap after
{Heap after GC invocations=616 (full 602):
 garbage-first heap   total 96256K, used 31361K [0x00000000c0000000, 0x0000000100000000)
  region size 1024K, 0 young (0K), 0 survivors (0K)
 Metaspace       used 57688K, committed 58240K, reserved 1114112K
  class space    used 7131K, committed 7360K, reserved 1048576K
}
Event: 6601.023 GC heap before
{Heap before GC invocations=616 (full 602):
 garbage-first heap   total 96256K, used 31361K [0x00000000c0000000, 0x0000000100000000)
  region size 1024K, 1 young (1024K), 0 survivors (0K)
 Metaspace       used 57688K, committed 58240K, reserved 1114112K
  class space    used 7131K, committed 7360K, reserved 1048576K
}
Event: 6601.111 GC heap after
{Heap after GC invocations=617 (full 603):
 garbage-first heap   total 96256K, used 31361K [0x00000000c0000000, 0x0000000100000000)
  region size 1024K, 0 young (0K), 0 survivors (0K)
 Metaspace       used 57688K, committed 58240K, reserved 1114112K
  class space    used 7131K, committed 7360K, reserved 1048576K
}
Event: 6612.124 GC heap before
{Heap before GC invocations=617 (full 603):
 garbage-first heap   total 96256K, used 31361K [0x00000000c0000000, 0x0000000100000000)
  region size 1024K, 1 young (1024K), 0 survivors (0K)
 Metaspace       used 57688K, committed 58240K, reserved 1114112K
  class space    used 7131K, committed 7360K, reserved 1048576K
}
Event: 6612.195 GC heap after
{Heap after GC invocations=618 (full 604):
 garbage-first heap   total 96256K, used 31361K [0x00000000c0000000, 0x0000000100000000)
  region size 1024K, 0 young (0K), 0 survivors (0K)
 Metaspace       used 57688K, committed 58240K, reserved 1114112K
  class space    used 7131K, committed 7360K, reserved 1048576K
}
Event: 6622.536 GC heap before
{Heap before GC invocations=618 (full 604):
 garbage-first heap   total 96256K, used 31361K [0x00000000c0000000, 0x0000000100000000)
  region size 1024K, 1 young (1024K), 0 survivors (0K)
 Metaspace       used 57688K, committed 58240K, reserved 1114112K
  class space    used 7131K, committed 7360K, reserved 1048576K
}
Event: 6622.579 GC heap after
{Heap after GC invocations=619 (full 605):
 garbage-first heap   total 96256K, used 31361K [0x00000000c0000000, 0x0000000100000000)
  region size 1024K, 0 young (0K), 0 survivors (0K)
 Metaspace       used 57688K, committed 58240K, reserved 1114112K
  class space    used 7131K, committed 7360K, reserved 1048576K
}
Event: 6633.115 GC heap before
{Heap before GC invocations=619 (full 605):
 garbage-first heap   total 96256K, used 31361K [0x00000000c0000000, 0x0000000100000000)
  region size 1024K, 1 young (1024K), 0 survivors (0K)
 Metaspace       used 57688K, committed 58240K, reserved 1114112K
  class space    used 7131K, committed 7360K, reserved 1048576K
}
Event: 6633.183 GC heap after
{Heap after GC invocations=620 (full 606):
 garbage-first heap   total 96256K, used 31361K [0x00000000c0000000, 0x0000000100000000)
  region size 1024K, 0 young (0K), 0 survivors (0K)
 Metaspace       used 57688K, committed 58240K, reserved 1114112K
  class space    used 7131K, committed 7360K, reserved 1048576K
}

